<?xml version="1.0" encoding="UTF-8"?>
<!-- Generated by org.testng.reporters.JUnitReportReporter -->
<testsuite hostname="Phong" failures="0" tests="3" name="tests.TextBoxTest" time="33.885" errors="0" timestamp="2024-09-21T23:22:52 ICT" skipped="0">
  <testcase classname="tests.TextBoxTest" name="submitSuccessfully" time="2.334"/>
  <system-out/>
  <testcase classname="tests.TextBoxTest" name="submiInvalidEmail_1" time="28.843"/>
  <system-out/>
  <testcase classname="tests.TextBoxTest" name="submiInvalidEmail_2" time="2.708"/>
  <system-out/>
</testsuite> <!-- tests.TextBoxTest -->
