<?xml version="1.0" encoding="UTF-8"?>
<!-- Generated by org.testng.reporters.JUnitReportReporter -->
<testsuite hostname="Phong" failures="0" tests="1" name="tests.TextBoxTest" time="27.888" errors="0" timestamp="2024-09-15T02:33:12 ICT" skipped="0">
  <testcase classname="tests.TextBoxTest" name="submitSuccessfully" time="27.888"/>
  <system-out/>
</testsuite> <!-- tests.TextBoxTest -->
