<?xml version="1.0" encoding="UTF-8"?>
<!-- Generated by org.testng.reporters.JUnitReportReporter -->
<testsuite hostname="Phong" failures="0" tests="1" name="tests.TextBoxTest" time="28.903" errors="0" timestamp="2024-09-12T23:06:51 ICT" skipped="0">
  <testcase classname="tests.TextBoxTest" name="emailFormatWrong_2" time="28.903"/>
  <system-out/>
</testsuite> <!-- tests.TextBoxTest -->
