<?xml version="1.0" encoding="UTF-8"?>
<!-- Generated by org.testng.reporters.JUnitReportReporter -->
<testsuite hostname="Phong" failures="0" tests="1" name="tests.CheckBoxTest" time="38.714" errors="0" timestamp="2024-09-19T21:26:29 ICT" skipped="0">
  <testcase classname="tests.CheckBoxTest" name="checkSubCheckBox" time="38.714"/>
  <system-out/>
</testsuite> <!-- tests.CheckBoxTest -->
