<?xml version="1.0" encoding="UTF-8"?>
<!-- Generated by org.testng.reporters.JUnitReportReporter -->
<testsuite hostname="Phong" failures="0" tests="1" name="tests.TextBoxTest" time="3.809" errors="0" timestamp="2024-10-16T00:25:49 ICT" skipped="0">
  <testcase classname="tests.TextBoxTest" name="inputUnSuccessfullyWithoutDomain" time="3.809"/>
  <system-out/>
</testsuite> <!-- tests.TextBoxTest -->
