<?xml version="1.0" encoding="UTF-8"?>
<!-- Generated by org.testng.reporters.JUnitReportReporter -->
<testsuite hostname="Phong" failures="0" tests="1" name="tests.TextBoxTest" time="34.500" errors="0" timestamp="2024-09-16T00:48:53 ICT" skipped="0">
  <testcase classname="tests.TextBoxTest" name="emailFormatWithoutDomain" time="34.500"/>
  <system-out/>
</testsuite> <!-- tests.TextBoxTest -->
