<?xml version="1.0" encoding="UTF-8"?>
<!-- Generated by org.testng.reporters.JUnitReportReporter -->
<testsuite hostname="Phong" failures="0" tests="1" name="tests.CheckBoxTest" time="7.382" errors="0" timestamp="2024-10-15T23:33:46 ICT" skipped="0">
  <testcase classname="tests.CheckBoxTest" name="verifyCheckBoxCorrectly" time="7.382"/>
  <system-out/>
</testsuite> <!-- tests.CheckBoxTest -->
